<?xml version="1.0" encoding="UTF-8"?>
<!-- Generated by org.testng.reporters.JUnitReportReporter -->
<testsuite hostname="Parzival" failures="0" tests="2" name="practicePkg.TestNG_Grouping" time="0.001" errors="0" timestamp="2024-08-29T06:58:12 IST" skipped="0">
  <testcase classname="practicePkg.TestNG_Grouping" name="testMethod2" time="0.000"/>
  <system-out/>
  <testcase classname="practicePkg.TestNG_Grouping" name="testMethod1" time="0.001"/>
  <system-out/>
</testsuite> <!-- practicePkg.TestNG_Grouping -->
