<?xml version="1.0" encoding="UTF-8"?>
<!-- Generated by org.testng.reporters.JUnitReportReporter -->
<testsuite hostname="Parzival" failures="0" tests="2" name="practicePkg.TestNGTest1" time="0.006" errors="0" timestamp="2024-08-29T05:51:51 IST" skipped="0">
  <testcase classname="practicePkg.TestNGTest1" name="testMethod2" time="0.001"/>
  <system-out/>
  <testcase classname="practicePkg.TestNGTest1" name="testMethod1" time="0.005"/>
  <system-out/>
</testsuite> <!-- practicePkg.TestNGTest1 -->
