<?xml version="1.0" encoding="UTF-8"?>
<!-- Generated by org.testng.reporters.JUnitReportReporter -->
<testsuite hostname="Parzival" failures="0" tests="1" name="practicePkg.TestNGExample" time="0.010" errors="0" timestamp="2024-08-29T08:12:43 IST" skipped="0">
  <testcase classname="practicePkg.TestNGExample" name="testException" time="0.010"/>
  <system-out/>
</testsuite> <!-- practicePkg.TestNGExample -->
