<?xml version="1.0" encoding="UTF-8"?>
<!-- Generated by org.testng.reporters.JUnitReportReporter -->
<testsuite hostname="Parzival" failures="0" tests="2" name="webDriverTest.TestNGExample" time="0.010" errors="0" timestamp="2024-08-29T08:09:55 IST" skipped="0">
  <testcase classname="webDriverTest.TestNGExample" name="initialize" time="0.008"/>
  <system-out/>
  <testcase classname="webDriverTest.TestNGExample" name="testMethod" time="0.002"/>
  <system-out/>
</testsuite> <!-- webDriverTest.TestNGExample -->
